{"logTime": "1108/080215", "correlationVector":"G7VA9PsOcInplb34g5Pw4H.1","action":"SyncServerConnectionManagerRequest", "result":"SYNC_SERVER_OK", "context":{"environment":"Prod_SoutheastAsia_000j", "migrationStage":"NotStarted", "server":"GENERAL0300002N"}}
{"logTime": "1108/080215", "correlationVector":"zbHYaBx0T8DeQ5XgqhFLrE","action":"SyncServerConnectionManagerRequest", "result":"SYNC_SERVER_OK", "context":{"environment":"", "migrationStage":"", "server":""}}
{"logTime": "1108/080215", "correlationVector":"G7VA9PsOcInplb34g5Pw4H","action":"Initial GetUpdates", "result":"", "context":Reason: NEW_CLIENT. cV=G7VA9PsOcInplb34g5Pw4H}
{"logTime": "1108/080215", "correlationVector":"G7VA9PsOcInplb34g5Pw4H.2","action":"GetUpdates Response", "result":"Success", "context":Received 1 update(s). cV=G7VA9PsOcInplb34g5Pw4H.0;server=GENERAL0300002N;cloudType=Consumer;environment=Prod_SoutheastAsia_000j;migrationStage=NotStarted}
{"logTime": "1108/080215", "correlationVector":"LeaLmIQnOHcX1s+RS+Nkwt","action":"Initial GetUpdates", "result":"", "context":Reason: NEWLY_SUPPORTED_DATATYPE. cV=LeaLmIQnOHcX1s+RS+Nkwt}
{"logTime": "1108/080216", "correlationVector":"LeaLmIQnOHcX1s+RS+Nkwt.1","action":"SyncServerConnectionManagerRequest", "result":"SYNC_SERVER_OK", "context":{"environment":"Prod_SoutheastAsia_000j", "migrationStage":"NotStarted", "server":"GENERAL01000011"}}
{"logTime": "1108/080216", "correlationVector":"LeaLmIQnOHcX1s+RS+Nkwt.2","action":"GetUpdates Response", "result":"Success", "context":Received 163 update(s). cV=LeaLmIQnOHcX1s+RS+Nkwt.0;server=GENERAL01000011;cloudType=Consumer;environment=Prod_SoutheastAsia_000j;migrationStage=NotStarted}
{"logTime": "1108/080216", "correlationVector":"ApBzXgMllDcDFvZgTlQMEH","action":"Initial GetUpdates", "result":"", "context":Reason: NEWLY_SUPPORTED_DATATYPE. cV=ApBzXgMllDcDFvZgTlQMEH}
{"logTime": "1108/080217", "correlationVector":"ApBzXgMllDcDFvZgTlQMEH.1","action":"SyncServerConnectionManagerRequest", "result":"SYNC_SERVER_OK", "context":{"environment":"Prod_SoutheastAsia_000j", "migrationStage":"NotStarted", "server":"GENERAL03000012"}}
{"logTime": "1108/080217", "correlationVector":"ApBzXgMllDcDFvZgTlQMEH.2","action":"GetUpdates Response", "result":"Success", "context":Received 15 update(s). cV=ApBzXgMllDcDFvZgTlQMEH.0;server=GENERAL03000012;cloudType=Consumer;environment=Prod_SoutheastAsia_000j;migrationStage=NotStarted}
{"logTime": "1108/080217", "correlationVector":"DUZ/ss2zxefsWd0U/oNHyN","action":"Initial GetUpdates", "result":"", "context":Reason: NEWLY_SUPPORTED_DATATYPE. cV=DUZ/ss2zxefsWd0U/oNHyN}
{"logTime": "1108/080217", "correlationVector":"DUZ/ss2zxefsWd0U/oNHyN.1","action":"SyncServerConnectionManagerRequest", "result":"SYNC_SERVER_OK", "context":{"environment":"Prod_SoutheastAsia_000j", "migrationStage":"NotStarted", "server":"GENERAL0300000X"}}
{"logTime": "1108/080217", "correlationVector":"DUZ/ss2zxefsWd0U/oNHyN.2","action":"GetUpdates", "result":"DeleteReceived", "context":{"id":"ea6d679d-12c8-4d23-a28f-72c2c0aa7e14", "isDeleted:":"true", "version":"1723521882803"}}
{"logTime": "1108/080217", "correlationVector":"DUZ/ss2zxefsWd0U/oNHyN.3","action":"GetUpdates", "result":"DeleteReceived", "context":{"id":"e8979ffb-7766-4e59-86f1-98fe9ede62c5", "isDeleted:":"true", "version":"1723521882804"}}
{"logTime": "1108/080217", "correlationVector":"DUZ/ss2zxefsWd0U/oNHyN.4","action":"GetUpdates", "result":"DeleteReceived", "context":{"id":"67ba0b3c-8c83-4ee5-abf7-5c371d6be1bb", "isDeleted:":"true", "version":"1723534886310"}}
{"logTime": "1108/080217", "correlationVector":"DUZ/ss2zxefsWd0U/oNHyN.5","action":"GetUpdates", "result":"DeleteReceived", "context":{"id":"3100e126-3a4f-4bb2-bfc1-12e61d293f7a", "isDeleted:":"true", "version":"1723534886311"}}
{"logTime": "1108/080217", "correlationVector":"DUZ/ss2zxefsWd0U/oNHyN.6","action":"GetUpdates", "result":"DeleteReceived", "context":{"id":"4ccc444e-fb14-4bf3-b7e6-f858e08b2c06", "isDeleted:":"true", "version":"1723534886313"}}
{"logTime": "1108/080217", "correlationVector":"DUZ/ss2zxefsWd0U/oNHyN.7","action":"GetUpdates", "result":"DeleteReceived", "context":{"id":"f2fc84bc-b638-48c8-b96a-ff6762b32929", "isDeleted:":"true", "version":"1724400257630"}}
{"logTime": "1108/080217", "correlationVector":"DUZ/ss2zxefsWd0U/oNHyN.8","action":"GetUpdates", "result":"DeleteReceived", "context":{"id":"2764c006-aea5-4d93-a828-e87d77ab2041", "isDeleted:":"true", "version":"1724635380973"}}
{"logTime": "1108/080217", "correlationVector":"DUZ/ss2zxefsWd0U/oNHyN.9","action":"GetUpdates", "result":"DeleteReceived", "context":{"id":"98ff052c-c2da-4e30-9c3e-bbbcb30f40f2", "isDeleted:":"true", "version":"1724829677328"}}
{"logTime": "1108/080217", "correlationVector":"DUZ/ss2zxefsWd0U/oNHyN.10","action":"GetUpdates", "result":"DeleteReceived", "context":{"id":"23fe9ead-e6ef-44c4-ae3d-a94a08c373e4", "isDeleted:":"true", "version":"1724830058162"}}
{"logTime": "1108/080217", "correlationVector":"DUZ/ss2zxefsWd0U/oNHyN.11","action":"GetUpdates", "result":"DeleteReceived", "context":{"id":"60b4c349-cffe-414e-ad7f-6f8211a0c60f", "isDeleted:":"true", "version":"1724830160891"}}
{"logTime": "1108/080217", "correlationVector":"DUZ/ss2zxefsWd0U/oNHyN.12","action":"GetUpdates", "result":"DeleteReceived", "context":{"id":"02bdbfaf-3d7d-489f-93dc-47b8a5528987", "isDeleted:":"true", "version":"1724830463906"}}
{"logTime": "1108/080217", "correlationVector":"DUZ/ss2zxefsWd0U/oNHyN.13","action":"GetUpdates", "result":"DeleteReceived", "context":{"id":"1be0fe34-6554-4451-93ff-c7c8a5cb4b81", "isDeleted:":"true", "version":"1724831487047"}}
{"logTime": "1108/080217", "correlationVector":"DUZ/ss2zxefsWd0U/oNHyN.14","action":"GetUpdates", "result":"DeleteReceived", "context":{"id":"6ff7ef3d-1776-4a9f-9ca6-8c2cc102b1b4", "isDeleted:":"true", "version":"1724831660754"}}
{"logTime": "1108/080217", "correlationVector":"DUZ/ss2zxefsWd0U/oNHyN.15","action":"GetUpdates", "result":"DeleteReceived", "context":{"id":"f3e7bf97-1a86-4a1c-885b-d89567554b82", "isDeleted:":"true", "version":"1724835518106"}}
{"logTime": "1108/080217", "correlationVector":"DUZ/ss2zxefsWd0U/oNHyN.16","action":"GetUpdates", "result":"DeleteReceived", "context":{"id":"c08bb9a6-8536-492a-9a09-4cd2f78bcb7e", "isDeleted:":"true", "version":"1724835737397"}}
{"logTime": "1108/080217", "correlationVector":"DUZ/ss2zxefsWd0U/oNHyN.17","action":"GetUpdates", "result":"DeleteReceived", "context":{"id":"a3811c1c-3fe8-4957-8613-8e121b1a35d5", "isDeleted:":"true", "version":"1724836302210"}}
{"logTime": "1108/080217", "correlationVector":"DUZ/ss2zxefsWd0U/oNHyN.18","action":"GetUpdates", "result":"DeleteReceived", "context":{"id":"31922485-6f54-46b8-93d1-6ed289214ae4", "isDeleted:":"true", "version":"1724845570503"}}
{"logTime": "1108/080217", "correlationVector":"DUZ/ss2zxefsWd0U/oNHyN.19","action":"GetUpdates", "result":"DeleteReceived", "context":{"id":"e8891d1c-37e4-4114-986e-2d0e12cd699c", "isDeleted:":"true", "version":"1725775719925"}}
{"logTime": "1108/080217", "correlationVector":"DUZ/ss2zxefsWd0U/oNHyN.20","action":"GetUpdates", "result":"DeleteReceived", "context":{"id":"cd675d98-cf46-41f2-a000-e0d236a382fd", "isDeleted:":"true", "version":"1726049394973"}}
{"logTime": "1108/080217", "correlationVector":"DUZ/ss2zxefsWd0U/oNHyN.21","action":"GetUpdates", "result":"DeleteReceived", "context":{"id":"9bfd6f15-85c1-4ea4-b7de-9b925031cf82", "isDeleted:":"true", "version":"1726051221476"}}
{"logTime": "1108/080217", "correlationVector":"DUZ/ss2zxefsWd0U/oNHyN.22","action":"GetUpdates", "result":"DeleteReceived", "context":{"id":"33620197-188c-42d6-b316-29249efcaf7b", "isDeleted:":"true", "version":"1726051314702"}}
{"logTime": "1108/080217", "correlationVector":"DUZ/ss2zxefsWd0U/oNHyN.23","action":"GetUpdates", "result":"DeleteReceived", "context":{"id":"0a6b4a82-81aa-4aa4-a0ec-8d98c1fff6f6", "isDeleted:":"true", "version":"1726051418935"}}
{"logTime": "1108/080217", "correlationVector":"DUZ/ss2zxefsWd0U/oNHyN.24","action":"GetUpdates", "result":"DeleteReceived", "context":{"id":"5a6fda85-8705-41ce-a3bc-3119bdaa7146", "isDeleted:":"true", "version":"1726069558353"}}
{"logTime": "1108/080217", "correlationVector":"DUZ/ss2zxefsWd0U/oNHyN.25","action":"GetUpdates", "result":"DeleteReceived", "context":{"id":"d348fa19-f8df-41f1-abe6-21766647a910", "isDeleted:":"true", "version":"1726069558354"}}
{"logTime": "1108/080217", "correlationVector":"DUZ/ss2zxefsWd0U/oNHyN.26","action":"GetUpdates", "result":"DeleteReceived", "context":{"id":"6fccbdca-e99d-421a-b79a-e3aa709a463e", "isDeleted:":"true", "version":"1726069558355"}}
{"logTime": "1108/080217", "correlationVector":"DUZ/ss2zxefsWd0U/oNHyN.27","action":"GetUpdates", "result":"DeleteReceived", "context":{"id":"0b3a5776-115e-4154-89ef-bbfac652a08f", "isDeleted:":"true", "version":"1726069558356"}}
{"logTime": "1108/080217", "correlationVector":"DUZ/ss2zxefsWd0U/oNHyN.28","action":"GetUpdates", "result":"DeleteReceived", "context":{"id":"45be1b1d-ce67-42b3-b475-c76dd5c9d6f4", "isDeleted:":"true", "version":"1726069558357"}}
{"logTime": "1108/080217", "correlationVector":"DUZ/ss2zxefsWd0U/oNHyN.29","action":"GetUpdates", "result":"DeleteReceived", "context":{"id":"fb2c6cfa-b171-4464-9e5d-b2581792b0db", "isDeleted:":"true", "version":"1726069558359"}}
{"logTime": "1108/080217", "correlationVector":"DUZ/ss2zxefsWd0U/oNHyN.30","action":"GetUpdates", "result":"DeleteReceived", "context":{"id":"ff68a6fb-ce1f-4854-94cf-a2577d186155", "isDeleted:":"true", "version":"1726069558360"}}
{"logTime": "1108/080217", "correlationVector":"DUZ/ss2zxefsWd0U/oNHyN.31","action":"GetUpdates", "result":"DeleteReceived", "context":{"id":"568c8b0f-382b-4a64-8951-2b96e303ecdb", "isDeleted:":"true", "version":"1726069558361"}}
{"logTime": "1108/080217", "correlationVector":"DUZ/ss2zxefsWd0U/oNHyN.32","action":"GetUpdates", "result":"DeleteReceived", "context":{"id":"f3732665-77cb-4bd8-abf1-5bc6ab6cdf63", "isDeleted:":"true", "version":"1726112087559"}}
{"logTime": "1108/080217", "correlationVector":"DUZ/ss2zxefsWd0U/oNHyN.33","action":"GetUpdates", "result":"DeleteReceived", "context":{"id":"7bb25987-222b-4c7f-b66b-924e00845aed", "isDeleted:":"true", "version":"1726123952988"}}
{"logTime": "1108/080217", "correlationVector":"DUZ/ss2zxefsWd0U/oNHyN.34","action":"GetUpdates", "result":"DeleteReceived", "context":{"id":"93f908f0-f4e9-4dc4-958d-1b9d4e7a4834", "isDeleted:":"true", "version":"1726124230306"}}
{"logTime": "1108/080217", "correlationVector":"DUZ/ss2zxefsWd0U/oNHyN.35","action":"GetUpdates", "result":"DeleteReceived", "context":{"id":"4b6cfbd4-f834-423f-aaac-b640a317a892", "isDeleted:":"true", "version":"1726125610953"}}
{"logTime": "1108/080217", "correlationVector":"DUZ/ss2zxefsWd0U/oNHyN.36","action":"GetUpdates", "result":"DeleteReceived", "context":{"id":"6c328dff-e81b-44c9-a928-616553a51128", "isDeleted:":"true", "version":"1726126428130"}}
{"logTime": "1108/080217", "correlationVector":"DUZ/ss2zxefsWd0U/oNHyN.37","action":"GetUpdates", "result":"DeleteReceived", "context":{"id":"a38b3f89-44b9-46ee-a6b7-40a8c62646f8", "isDeleted:":"true", "version":"1726126507636"}}
{"logTime": "1108/080217", "correlationVector":"DUZ/ss2zxefsWd0U/oNHyN.38","action":"GetUpdates", "result":"DeleteReceived", "context":{"id":"2d291fe5-a066-4304-a2b0-5b6b01b4138f", "isDeleted:":"true", "version":"1726128258607"}}
{"logTime": "1108/080217", "correlationVector":"DUZ/ss2zxefsWd0U/oNHyN.39","action":"GetUpdates", "result":"DeleteReceived", "context":{"id":"5ca6f788-fa67-487a-899c-dd649f165eb7", "isDeleted:":"true", "version":"1726128625902"}}
{"logTime": "1108/080217", "correlationVector":"DUZ/ss2zxefsWd0U/oNHyN.40","action":"GetUpdates", "result":"DeleteReceived", "context":{"id":"99accdf5-9237-4b6f-897c-8cb555bd73fc", "isDeleted:":"true", "version":"1726214366695"}}
{"logTime": "1108/080217", "correlationVector":"DUZ/ss2zxefsWd0U/oNHyN.41","action":"GetUpdates", "result":"DeleteReceived", "context":{"id":"3029f7f4-4fbc-4c0c-93a8-8ac467240645", "isDeleted:":"true", "version":"1726214366696"}}
{"logTime": "1108/080217", "correlationVector":"DUZ/ss2zxefsWd0U/oNHyN.42","action":"GetUpdates", "result":"DeleteReceived", "context":{"id":"0b476a30-7d4c-4fe7-920a-f53ee4fdd188", "isDeleted:":"true", "version":"1726408287535"}}
{"logTime": "1108/080217", "correlationVector":"DUZ/ss2zxefsWd0U/oNHyN.43","action":"GetUpdates", "result":"DeleteReceived", "context":{"id":"fd13cb92-e002-4c0a-b81e-04cb53a4a3a6", "isDeleted:":"true", "version":"1726408288725"}}
{"logTime": "1108/080217", "correlationVector":"DUZ/ss2zxefsWd0U/oNHyN.44","action":"GetUpdates", "result":"DeleteReceived", "context":{"id":"0cc30251-f612-4c4a-882c-5e8efb1f9778", "isDeleted:":"true", "version":"1726408288726"}}
{"logTime": "1108/080217", "correlationVector":"DUZ/ss2zxefsWd0U/oNHyN.45","action":"GetUpdates", "result":"DeleteReceived", "context":{"id":"d485b49f-a067-4631-ab5b-9bac8b60afe9", "isDeleted:":"true", "version":"1726419837083"}}
{"logTime": "1108/080217", "correlationVector":"DUZ/ss2zxefsWd0U/oNHyN.46","action":"GetUpdates", "result":"DeleteReceived", "context":{"id":"a23bd33e-3f20-46ea-abc8-75d2c6307e24", "isDeleted:":"true", "version":"1726494135502"}}
{"logTime": "1108/080217", "correlationVector":"DUZ/ss2zxefsWd0U/oNHyN.47","action":"GetUpdates", "result":"DeleteReceived", "context":{"id":"eab671f5-da5d-4055-bc88-1fdb371814b8", "isDeleted:":"true", "version":"1726494414611"}}
{"logTime": "1108/080217", "correlationVector":"DUZ/ss2zxefsWd0U/oNHyN.48","action":"GetUpdates", "result":"DeleteReceived", "context":{"id":"d0af738f-030a-4f52-833e-539c643a6bb0", "isDeleted:":"true", "version":"1726836031550"}}
{"logTime": "1108/080217", "correlationVector":"DUZ/ss2zxefsWd0U/oNHyN.49","action":"GetUpdates", "result":"DeleteReceived", "context":{"id":"2a99f272-0bca-4697-ae70-cff8497d6331", "isDeleted:":"true", "version":"1726926372120"}}
{"logTime": "1108/080217", "correlationVector":"DUZ/ss2zxefsWd0U/oNHyN.50","action":"GetUpdates", "result":"DeleteReceived", "context":{"id":"5958a620-ce63-4d25-b1e3-7da135c1f5fc", "isDeleted:":"true", "version":"1727072247494"}}
{"logTime": "1108/080217", "correlationVector":"DUZ/ss2zxefsWd0U/oNHyN.51","action":"GetUpdates", "result":"DeleteReceived", "context":{"id":"dbcf0fa1-b878-4daa-9978-638f207e53bc", "isDeleted:":"true", "version":"1727072346126"}}
{"logTime": "1108/080217", "correlationVector":"DUZ/ss2zxefsWd0U/oNHyN.52","action":"GetUpdates", "result":"DeleteReceived", "context":{"id":"0dccb585-eba2-4818-8d85-fd5c762eccaa", "isDeleted:":"true", "version":"1727072352527"}}
{"logTime": "1108/080217", "correlationVector":"DUZ/ss2zxefsWd0U/oNHyN.53","action":"GetUpdates", "result":"DeleteReceived", "context":{"id":"71960a0d-d86c-4f1b-bddb-a31e54511d92", "isDeleted:":"true", "version":"1727072517906"}}
{"logTime": "1108/080217", "correlationVector":"DUZ/ss2zxefsWd0U/oNHyN.54","action":"GetUpdates", "result":"DeleteReceived", "context":{"id":"235ccee6-2329-49a7-9bba-d1c0ff3f30ba", "isDeleted:":"true", "version":"1727075530642"}}
{"logTime": "1108/080217", "correlationVector":"DUZ/ss2zxefsWd0U/oNHyN.55","action":"GetUpdates", "result":"DeleteReceived", "context":{"id":"91c39791-9698-4f68-bc3c-49f8c7a781e7", "isDeleted:":"true", "version":"1727075583839"}}
{"logTime": "1108/080217", "correlationVector":"DUZ/ss2zxefsWd0U/oNHyN.56","action":"GetUpdates", "result":"DeleteReceived", "context":{"id":"952ec0e1-5eae-41e3-94ad-3794739d01e2", "isDeleted:":"true", "version":"1727075583840"}}
{"logTime": "1108/080217", "correlationVector":"DUZ/ss2zxefsWd0U/oNHyN.57","action":"GetUpdates", "result":"DeleteReceived", "context":{"id":"89ef9813-1cb2-4078-a503-355960aad06a", "isDeleted:":"true", "version":"1727076353681"}}
{"logTime": "1108/080217", "correlationVector":"DUZ/ss2zxefsWd0U/oNHyN.58","action":"GetUpdates", "result":"DeleteReceived", "context":{"id":"b7b5dde8-c20b-401f-a875-d3cb8c6d45b0", "isDeleted:":"true", "version":"1727076868189"}}
{"logTime": "1108/080217", "correlationVector":"DUZ/ss2zxefsWd0U/oNHyN.59","action":"GetUpdates", "result":"DeleteReceived", "context":{"id":"f04aecaa-d23b-488e-9bf9-78bf89ac8d1a", "isDeleted:":"true", "version":"1727077206928"}}
{"logTime": "1108/080217", "correlationVector":"DUZ/ss2zxefsWd0U/oNHyN.60","action":"GetUpdates", "result":"DeleteReceived", "context":{"id":"e7487473-ff80-4634-b38b-90be4f070a80", "isDeleted:":"true", "version":"1727077776182"}}
{"logTime": "1108/080217", "correlationVector":"DUZ/ss2zxefsWd0U/oNHyN.61","action":"GetUpdates", "result":"DeleteReceived", "context":{"id":"a707abaf-3f1d-435d-9c5e-04f0ec2977e8", "isDeleted:":"true", "version":"1727185070660"}}
{"logTime": "1108/080217", "correlationVector":"DUZ/ss2zxefsWd0U/oNHyN.62","action":"GetUpdates", "result":"DeleteReceived", "context":{"id":"4a1ef766-19ae-48ee-9459-2c8f830ddc6c", "isDeleted:":"true", "version":"1727253311371"}}
{"logTime": "1108/080217", "correlationVector":"DUZ/ss2zxefsWd0U/oNHyN.63","action":"GetUpdates", "result":"DeleteReceived", "context":{"id":"3d136c78-25ab-4400-a5c4-2a02a3c0b329", "isDeleted:":"true", "version":"1727518257686"}}
{"logTime": "1108/080217", "correlationVector":"DUZ/ss2zxefsWd0U/oNHyN.64","action":"GetUpdates", "result":"DeleteReceived", "context":{"id":"4da08d63-938a-405c-b5ee-736fdedca14a", "isDeleted:":"true", "version":"1727518257687"}}
{"logTime": "1108/080217", "correlationVector":"DUZ/ss2zxefsWd0U/oNHyN.65","action":"GetUpdates", "result":"DeleteReceived", "context":{"id":"acbb0c31-d4cb-414b-b1f5-4d49f1f14684", "isDeleted:":"true", "version":"1727518257688"}}
{"logTime": "1108/080217", "correlationVector":"DUZ/ss2zxefsWd0U/oNHyN.66","action":"GetUpdates", "result":"DeleteReceived", "context":{"id":"fc5d9f3f-7fda-4fc2-aa1e-152cbcb166c4", "isDeleted:":"true", "version":"1727518257690"}}
{"logTime": "1108/080217", "correlationVector":"DUZ/ss2zxefsWd0U/oNHyN.67","action":"GetUpdates", "result":"DeleteReceived", "context":{"id":"5182a316-c6b2-47f8-ab07-ce1cf1839317", "isDeleted:":"true", "version":"1727518257691"}}
{"logTime": "1108/080217", "correlationVector":"DUZ/ss2zxefsWd0U/oNHyN.68","action":"GetUpdates", "result":"DeleteReceived", "context":{"id":"f0c2fd0a-d438-4845-824f-31673078ae6f", "isDeleted:":"true", "version":"1727518257692"}}
{"logTime": "1108/080217", "correlationVector":"DUZ/ss2zxefsWd0U/oNHyN.69","action":"GetUpdates", "result":"DeleteReceived", "context":{"id":"67298484-2dd1-4c42-8514-ae47392382aa", "isDeleted:":"true", "version":"1728800745237"}}
{"logTime": "1108/080217", "correlationVector":"DUZ/ss2zxefsWd0U/oNHyN.70","action":"GetUpdates", "result":"DeleteReceived", "context":{"id":"65e45f67-232b-4488-a805-a2da6f410014", "isDeleted:":"true", "version":"1729250618209"}}
{"logTime": "1108/080217", "correlationVector":"DUZ/ss2zxefsWd0U/oNHyN.71","action":"GetUpdates", "result":"DeleteReceived", "context":{"id":"ee10b6df-8d10-498b-895a-024b2d98dc1a", "isDeleted:":"true", "version":"1729250656414"}}
{"logTime": "1108/080217", "correlationVector":"DUZ/ss2zxefsWd0U/oNHyN.72","action":"GetUpdates", "result":"DeleteReceived", "context":{"id":"580924d3-2c3e-4e1a-b080-af1a8933e720", "isDeleted:":"true", "version":"1729250656419"}}
{"logTime": "1108/080217", "correlationVector":"DUZ/ss2zxefsWd0U/oNHyN.73","action":"GetUpdates", "result":"DeleteReceived", "context":{"id":"794ad5ce-42c2-42ac-86ad-311ec24fc64d", "isDeleted:":"true", "version":"1729250706780"}}
{"logTime": "1108/080217", "correlationVector":"DUZ/ss2zxefsWd0U/oNHyN.74","action":"GetUpdates", "result":"DeleteReceived", "context":{"id":"fc3da8b8-2076-4c2f-9e80-d3084f341e67", "isDeleted:":"true", "version":"1729250788398"}}
{"logTime": "1108/080217", "correlationVector":"DUZ/ss2zxefsWd0U/oNHyN.75","action":"GetUpdates", "result":"DeleteReceived", "context":{"id":"9eaff115-f528-437c-8bb8-291e97a7c113", "isDeleted:":"true", "version":"1729250788399"}}
{"logTime": "1108/080217", "correlationVector":"DUZ/ss2zxefsWd0U/oNHyN.76","action":"GetUpdates", "result":"DeleteReceived", "context":{"id":"a511a2cf-85e2-4ca0-8051-78baefdbb76c", "isDeleted:":"true", "version":"1729578627297"}}
{"logTime": "1108/080217", "correlationVector":"DUZ/ss2zxefsWd0U/oNHyN.77","action":"GetUpdates", "result":"DeleteReceived", "context":{"id":"189be2e6-66b2-4d06-80f9-e4de87346448", "isDeleted:":"true", "version":"1729823191867"}}
{"logTime": "1108/080217", "correlationVector":"DUZ/ss2zxefsWd0U/oNHyN.78","action":"GetUpdates", "result":"DeleteReceived", "context":{"id":"8953871d-eb85-499a-8ddf-0828322ffe38", "isDeleted:":"true", "version":"1729823191868"}}
{"logTime": "1108/080217", "correlationVector":"DUZ/ss2zxefsWd0U/oNHyN.79","action":"GetUpdates", "result":"DeleteReceived", "context":{"id":"a2d373af-7bf7-42b9-9738-11e467b8a5df", "isDeleted:":"true", "version":"1729824339335"}}
{"logTime": "1108/080217", "correlationVector":"DUZ/ss2zxefsWd0U/oNHyN.80","action":"GetUpdates", "result":"DeleteReceived", "context":{"id":"cd55c716-361b-4318-b929-b33c39afebcb", "isDeleted:":"true", "version":"1729824339336"}}
{"logTime": "1108/080217", "correlationVector":"DUZ/ss2zxefsWd0U/oNHyN.81","action":"GetUpdates", "result":"DeleteReceived", "context":{"id":"69d39912-ca6f-42d5-bed9-b4a452c8f498", "isDeleted:":"true", "version":"1729841364853"}}
{"logTime": "1108/080217", "correlationVector":"DUZ/ss2zxefsWd0U/oNHyN.82","action":"GetUpdates", "result":"DeleteReceived", "context":{"id":"cb3977e1-f444-4ebb-887c-3d6e95113eed", "isDeleted:":"true", "version":"1729861369406"}}
{"logTime": "1108/080217", "correlationVector":"DUZ/ss2zxefsWd0U/oNHyN.83","action":"GetUpdates", "result":"DeleteReceived", "context":{"id":"955edc4c-974d-4920-8c50-aeadc761d27f", "isDeleted:":"true", "version":"1729861369410"}}
{"logTime": "1108/080217", "correlationVector":"DUZ/ss2zxefsWd0U/oNHyN.84","action":"GetUpdates", "result":"DeleteReceived", "context":{"id":"55abbd34-8b32-43cf-8a04-69d7010b951f", "isDeleted:":"true", "version":"1729862315906"}}
{"logTime": "1108/080217", "correlationVector":"DUZ/ss2zxefsWd0U/oNHyN.85","action":"GetUpdates", "result":"DeleteReceived", "context":{"id":"dd3c6d6c-8f12-4451-98c4-96b22083441e", "isDeleted:":"true", "version":"1729862315917"}}
{"logTime": "1108/080217", "correlationVector":"DUZ/ss2zxefsWd0U/oNHyN.86","action":"GetUpdates", "result":"DeleteReceived", "context":{"id":"25deeb96-7fe2-4e50-b9a9-8da476c0d5dc", "isDeleted:":"true", "version":"1729862614726"}}
{"logTime": "1108/080217", "correlationVector":"DUZ/ss2zxefsWd0U/oNHyN.87","action":"GetUpdates", "result":"DeleteReceived", "context":{"id":"f0f2cd7d-30e3-48d5-90ac-a1d1c919b743", "isDeleted:":"true", "version":"1729862614727"}}
{"logTime": "1108/080217", "correlationVector":"DUZ/ss2zxefsWd0U/oNHyN.88","action":"GetUpdates", "result":"DeleteReceived", "context":{"id":"5185e8d3-73ae-4e25-8a71-2e59b3f21b59", "isDeleted:":"true", "version":"1729862614728"}}
{"logTime": "1108/080217", "correlationVector":"DUZ/ss2zxefsWd0U/oNHyN.89","action":"GetUpdates", "result":"DeleteReceived", "context":{"id":"b3dbb177-b975-42c5-868c-a2267a7fa650", "isDeleted:":"true", "version":"1729862614730"}}
{"logTime": "1108/080217", "correlationVector":"DUZ/ss2zxefsWd0U/oNHyN.90","action":"GetUpdates", "result":"DeleteReceived", "context":{"id":"0482d35d-4364-43f9-8fbc-bb8dc356a64c", "isDeleted:":"true", "version":"1729862614731"}}
{"logTime": "1108/080217", "correlationVector":"DUZ/ss2zxefsWd0U/oNHyN.91","action":"GetUpdates", "result":"DeleteReceived", "context":{"id":"6c73c52a-d1fb-4546-bed2-f9315f4c850f", "isDeleted:":"true", "version":"1729862614732"}}
{"logTime": "1108/080217", "correlationVector":"DUZ/ss2zxefsWd0U/oNHyN.92","action":"GetUpdates", "result":"DeleteReceived", "context":{"id":"d4ca5b87-667e-4d9c-90a6-b1e4f923dbd7", "isDeleted:":"true", "version":"1729862614733"}}
{"logTime": "1108/080217", "correlationVector":"DUZ/ss2zxefsWd0U/oNHyN.93","action":"GetUpdates", "result":"DeleteReceived", "context":{"id":"f422a825-ebec-40fe-be02-bf6a9c2a26e2", "isDeleted:":"true", "version":"1729862614734"}}
{"logTime": "1108/080217", "correlationVector":"DUZ/ss2zxefsWd0U/oNHyN.94","action":"GetUpdates", "result":"DeleteReceived", "context":{"id":"58406c71-1324-4ed2-8b11-9f44b09e51be", "isDeleted:":"true", "version":"1729862614735"}}
{"logTime": "1108/080217", "correlationVector":"DUZ/ss2zxefsWd0U/oNHyN.95","action":"GetUpdates", "result":"DeleteReceived", "context":{"id":"45bb824b-75d7-4f6c-b9c7-2bdac9a4859e", "isDeleted:":"true", "version":"1729862614736"}}
{"logTime": "1108/080217", "correlationVector":"DUZ/ss2zxefsWd0U/oNHyN.96","action":"GetUpdates", "result":"DeleteReceived", "context":{"id":"d9dd1ced-bb31-4da5-8fe3-04affc62ede0", "isDeleted:":"true", "version":"1729862614737"}}
{"logTime": "1108/080217", "correlationVector":"DUZ/ss2zxefsWd0U/oNHyN.97","action":"GetUpdates", "result":"DeleteReceived", "context":{"id":"154dce22-4313-4981-a1e5-1c3b4e8ecbd8", "isDeleted:":"true", "version":"1729862614738"}}
{"logTime": "1108/080217", "correlationVector":"DUZ/ss2zxefsWd0U/oNHyN.98","action":"GetUpdates", "result":"DeleteReceived", "context":{"id":"e588fd4b-48ea-4b48-b496-8fd8e060c988", "isDeleted:":"true", "version":"1729862614739"}}
{"logTime": "1108/080217", "correlationVector":"DUZ/ss2zxefsWd0U/oNHyN.99","action":"GetUpdates", "result":"DeleteReceived", "context":{"id":"937dc1d7-d16b-40e4-93d0-09638a7f624e", "isDeleted:":"true", "version":"1729862614740"}}
{"logTime": "1108/080217", "correlationVector":"DUZ/ss2zxefsWd0U/oNHyN.100","action":"GetUpdates", "result":"DeleteReceived", "context":{"id":"a44a5c25-7d78-4db6-9e1b-d4b3f235c908", "isDeleted:":"true", "version":"1729862614741"}}
{"logTime": "1108/080217", "correlationVector":"DUZ/ss2zxefsWd0U/oNHyN.101","action":"GetUpdates", "result":"DeleteReceived", "context":{"id":"974c68af-b546-4e61-ba07-b5428d4e2f05", "isDeleted:":"true", "version":"1729862614742"}}
{"logTime": "1108/080217", "correlationVector":"DUZ/ss2zxefsWd0U/oNHyN.102","action":"GetUpdates", "result":"DeleteReceived", "context":{"id":"c37326df-aba7-4cae-a544-808f350121b7", "isDeleted:":"true", "version":"1729862614743"}}
{"logTime": "1108/080217", "correlationVector":"DUZ/ss2zxefsWd0U/oNHyN.103","action":"GetUpdates", "result":"DeleteReceived", "context":{"id":"0e9f4745-71f8-4a60-a1d3-8cbb6bd8c506", "isDeleted:":"true", "version":"1729862614744"}}
{"logTime": "1108/080217", "correlationVector":"DUZ/ss2zxefsWd0U/oNHyN.104","action":"GetUpdates", "result":"DeleteReceived", "context":{"id":"7df18db6-638b-4452-8bdd-3975280ac9ce", "isDeleted:":"true", "version":"1729862676902"}}
{"logTime": "1108/080217", "correlationVector":"DUZ/ss2zxefsWd0U/oNHyN.105","action":"GetUpdates", "result":"DeleteReceived", "context":{"id":"dcf4e368-a3cd-4707-ba69-276aecd3ca2b", "isDeleted:":"true", "version":"1729865083367"}}
{"logTime": "1108/080217", "correlationVector":"DUZ/ss2zxefsWd0U/oNHyN.106","action":"GetUpdates", "result":"DeleteReceived", "context":{"id":"fe87bce6-2554-4f4d-b7d4-526cbdeac08f", "isDeleted:":"true", "version":"1729865083368"}}
{"logTime": "1108/080217", "correlationVector":"DUZ/ss2zxefsWd0U/oNHyN.107","action":"GetUpdates", "result":"DeleteReceived", "context":{"id":"0d2312ce-6cbe-49f2-8a5e-5239048c6295", "isDeleted:":"true", "version":"1730433911587"}}
{"logTime": "1108/080217", "correlationVector":"DUZ/ss2zxefsWd0U/oNHyN.108","action":"GetUpdates", "result":"DeleteReceived", "context":{"id":"7416f800-6303-422c-b720-742094efee6d", "isDeleted:":"true", "version":"1730433911589"}}
{"logTime": "1108/080217", "correlationVector":"DUZ/ss2zxefsWd0U/oNHyN.109","action":"GetUpdates", "result":"DeleteReceived", "context":{"id":"1ce86d7d-e162-4b8e-9917-9bacd4b89e37", "isDeleted:":"true", "version":"1730444919634"}}
{"logTime": "1108/080217", "correlationVector":"DUZ/ss2zxefsWd0U/oNHyN.110","action":"GetUpdates", "result":"DeleteReceived", "context":{"id":"8fdeae2b-ff2a-4bec-a1e5-72844687b691", "isDeleted:":"true", "version":"1730831656002"}}
{"logTime": "1108/080217", "correlationVector":"DUZ/ss2zxefsWd0U/oNHyN.111","action":"GetUpdates", "result":"DeleteReceived", "context":{"id":"de3655dc-12c6-4ad0-9ddd-ba1baef064f7", "isDeleted:":"true", "version":"1730831656003"}}
{"logTime": "1108/080217", "correlationVector":"DUZ/ss2zxefsWd0U/oNHyN.112","action":"GetUpdates Response", "result":"Success", "context":Received 160 update(s). cV=DUZ/ss2zxefsWd0U/oNHyN.0;server=GENERAL0300000X;cloudType=Consumer;environment=Prod_SoutheastAsia_000j;migrationStage=NotStarted}
{"logTime": "1108/080217", "correlationVector":"Mf/sbxaS7lTS+xXZhv+7T9","action":"Normal GetUpdate request", "result":"", "context":cV=Mf/sbxaS7lTS+xXZhv+7T9
Nudged types: Sessions, Device Info, User Consents
Refresh requested types: Bookmarks, Preferences, Passwords, Autofill Profiles, Autofill, Typed URLs, Extensions, Sessions, Extension settings, History Delete Directives, Device Info, User Consents, Send Tab To Self, Web Apps, Collection, Edge E Drop, Edge Hub App Usage, Edge Tab Group, Edge Wallet, Encryption Keys}
{"logTime": "1108/080218", "correlationVector":"Mf/sbxaS7lTS+xXZhv+7T9.1","action":"SyncServerConnectionManagerRequest", "result":"SYNC_SERVER_OK", "context":{"environment":"Prod_SoutheastAsia_000j", "migrationStage":"NotStarted", "server":"GENERAL0300001Z"}}
{"logTime": "1108/080218", "correlationVector":"Mf/sbxaS7lTS+xXZhv+7T9.2","action":"GetUpdates Response", "result":"Success", "context":Received 0 update(s). cV=Mf/sbxaS7lTS+xXZhv+7T9.0;server=GENERAL0300001Z;cloudType=Consumer;environment=Prod_SoutheastAsia_000j;migrationStage=NotStarted}
{"logTime": "1108/080218", "correlationVector":"1toWdQaTZOy85r+PjfWRpj","action":"DoCompareDataConsistency requsted types: ", "result":"Bookmarks, Preferences, Passwords, Typed URLs, Extensions, Extension settings, History Delete Directives, Send Tab To Self, Web Apps, Collection, Edge E Drop, Edge Tab Group, Edge Wallet, Encryption Keys"}
{"logTime": "1108/080218", "correlationVector":"1toWdQaTZOy85r+PjfWRpj.0","action":"CompareDataConsistency result: ", "result":"Compare result: Encryption Keys is consistent. local entities count is: 1 local entities hash is: jSiIx8Rfn0wmX8iBnqog/TJUM88="}
{"logTime": "1108/080218", "correlationVector":"1toWdQaTZOy85r+PjfWRpj.1","action":"CompareDataConsistency result: ", "result":"Compare result: Bookmarks is consistent. local entities count is: 13 local entities hash is: FKhWHR5ar04kN0NXQHHnsA+4gcU="}
{"logTime": "1108/080218", "correlationVector":"1toWdQaTZOy85r+PjfWRpj.2","action":"CompareDataConsistency result: ", "result":"Compare result: Preferences is consistent. local entities count is: 47 local entities hash is: IwTZN1dPwdb/eCjOABTtEhr6R8Q="}
{"logTime": "1108/080218", "correlationVector":"1toWdQaTZOy85r+PjfWRpj.3","action":"CompareDataConsistency result: ", "result":"Server did not send this Typed URLs local entities count is: 14 local entities hash is: GKzm3bdGZYiFKlWw0ipCeZIq35k="}
{"logTime": "1108/080218", "correlationVector":"1toWdQaTZOy85r+PjfWRpj.4","action":"CompareDataConsistency result: ", "result":"Compare result: Extensions is consistent. local entities count is: 3 local entities hash is: GBSN22HTszz2tTTD4wRqclJzaXA="}
{"logTime": "1108/080218", "correlationVector":"1toWdQaTZOy85r+PjfWRpj.5","action":"CompareDataConsistency result: ", "result":"Compare result: Extension settings is consistent. local entities count is: 0 local entities hash is: "}
{"logTime": "1108/080218", "correlationVector":"1toWdQaTZOy85r+PjfWRpj.6","action":"CompareDataConsistency result: ", "result":"Compare result: History Delete Directives is consistent. local entities count is: 0 local entities hash is: "}
{"logTime": "1108/080218", "correlationVector":"1toWdQaTZOy85r+PjfWRpj.7","action":"CompareDataConsistency result: ", "result":"Server did not send this Send Tab To Self local entities count is: 0 local entities hash is: "}
{"logTime": "1108/080218", "correlationVector":"1toWdQaTZOy85r+PjfWRpj.8","action":"CompareDataConsistency result: ", "result":"Compare result: Web Apps is consistent. local entities count is: 0 local entities hash is: "}
{"logTime": "1108/080218", "correlationVector":"1toWdQaTZOy85r+PjfWRpj.9","action":"CompareDataConsistency result: ", "result":"Compare result: Collection is consistent. local entities count is: 0 local entities hash is: "}
{"logTime": "1108/080218", "correlationVector":"1toWdQaTZOy85r+PjfWRpj.10","action":"CompareDataConsistency result: ", "result":"Compare result: Edge E Drop is consistent. local entities count is: 0 local entities hash is: "}
{"logTime": "1108/080218", "correlationVector":"1toWdQaTZOy85r+PjfWRpj.11","action":"CompareDataConsistency result: ", "result":"Compare result: Edge Tab Group is consistent. local entities count is: 0 local entities hash is: "}
{"logTime": "1108/080218", "correlationVector":"1toWdQaTZOy85r+PjfWRpj.12","action":"CompareDataConsistency result: ", "result":"Compare result: Edge Wallet is consistent. local entities count is: 0 local entities hash is: "}
{"logTime": "1108/080218", "correlationVector":"1toWdQaTZOy85r+PjfWRpj.13","action":"CompareDataConsistency result: ", "result":"Compare result: Passwords is consistent. local entities count is: 113 local entities hash is: SEQYlid7q9LW4PCFFn2NnnoPbWA="}
{"logTime": "1108/080218", "correlationVector":"tnq4qmyUZZ1r+car/hkdpe","action":"Commit Request", "result":"", "context":Item count: 5
Contributing types: Sessions, Device Info, User Consents}
{"logTime": "1108/080220", "correlationVector":"tnq4qmyUZZ1r+car/hkdpe.1","action":"SyncServerConnectionManagerRequest", "result":"SYNC_SERVER_OK", "context":{"environment":"Prod_SoutheastAsia_000j", "migrationStage":"NotStarted", "server":"GENERAL0300002X"}}
{"logTime": "1108/080220", "correlationVector":"tnq4qmyUZZ1r+car/hkdpe.2","action":"Commit Response", "result":"Success", "context":Result: Success. cV=tnq4qmyUZZ1r+car/hkdpe.0;server=GENERAL0300002X;cloudType=Consumer;environment=Prod_SoutheastAsia_000j;migrationStage=NotStarted}
{"logTime": "1108/080220", "correlationVector":"","action":"DIAGNOSTIC_REQUEST|v1/diagnosticData/Diagnostic.SendCheckResult()|SUCCESS", "result":""}
{"logTime": "1108/080220", "correlationVector":"FP4XX0VYeEuuQ3nPvfbCTg","action":"Normal GetUpdate request", "result":"", "context":cV=FP4XX0VYeEuuQ3nPvfbCTg
Nudged types: Sessions, Device Info, User Consents}
{"logTime": "1108/080220", "correlationVector":"FP4XX0VYeEuuQ3nPvfbCTg.1","action":"SyncServerConnectionManagerRequest", "result":"SYNC_SERVER_OK", "context":{"environment":"Prod_SoutheastAsia_000j", "migrationStage":"NotStarted", "server":"GENERAL0300000H"}}
{"logTime": "1108/080220", "correlationVector":"FP4XX0VYeEuuQ3nPvfbCTg.2","action":"GetUpdates Response", "result":"Success", "context":Received 3 update(s). cV=FP4XX0VYeEuuQ3nPvfbCTg.0;server=GENERAL0300000H;cloudType=Consumer;environment=Prod_SoutheastAsia_000j;migrationStage=NotStarted}
{"logTime": "1108/080220", "correlationVector":"C4FWRH6EhfNFo8v+OBJTHP","action":"Commit Request", "result":"", "context":Item count: 1
Contributing types: Sessions}
{"logTime": "1108/080221", "correlationVector":"C4FWRH6EhfNFo8v+OBJTHP.1","action":"SyncServerConnectionManagerRequest", "result":"SYNC_SERVER_OK", "context":{"environment":"Prod_SoutheastAsia_000j", "migrationStage":"NotStarted", "server":"GENERAL03000009"}}
{"logTime": "1108/080221", "correlationVector":"C4FWRH6EhfNFo8v+OBJTHP.2","action":"Commit Response", "result":"Success", "context":Result: Success. cV=C4FWRH6EhfNFo8v+OBJTHP.0;server=GENERAL03000009;cloudType=Consumer;environment=Prod_SoutheastAsia_000j;migrationStage=NotStarted}
{"logTime": "1108/080228", "correlationVector":"VHrFtzboHCxBVakBgBhi/D","action":"Commit Request", "result":"", "context":Item count: 1
Contributing types: Preferences}
{"logTime": "1108/080229", "correlationVector":"VHrFtzboHCxBVakBgBhi/D.1","action":"SyncServerConnectionManagerRequest", "result":"SYNC_SERVER_OK", "context":{"environment":"Prod_SoutheastAsia_000j", "migrationStage":"NotStarted", "server":"GENERAL0100000Q"}}
{"logTime": "1108/080229", "correlationVector":"VHrFtzboHCxBVakBgBhi/D.2","action":"Commit Response", "result":"Success", "context":Result: Success. cV=VHrFtzboHCxBVakBgBhi/D.0;server=GENERAL0100000Q;cloudType=Consumer;environment=Prod_SoutheastAsia_000j;migrationStage=NotStarted}
{"logTime": "1108/080309", "correlationVector":"7QjhoNnFDhoqEn18bQSAIt","action":"Commit Request", "result":"", "context":Item count: 1
Contributing types: Sessions}
{"logTime": "1108/080309", "correlationVector":"7QjhoNnFDhoqEn18bQSAIt.1","action":"SyncServerConnectionManagerRequest", "result":"SYNC_SERVER_OK", "context":{"environment":"Prod_SoutheastAsia_000j", "migrationStage":"NotStarted", "server":"GENERAL0100001D"}}
{"logTime": "1108/080309", "correlationVector":"7QjhoNnFDhoqEn18bQSAIt.2","action":"Commit Response", "result":"Success", "context":Result: Success. cV=7QjhoNnFDhoqEn18bQSAIt.0;server=GENERAL0100001D;cloudType=Consumer;environment=Prod_SoutheastAsia_000j;migrationStage=NotStarted}
{"logTime": "1108/080522", "correlationVector":"EHg/OofAYJj7p35Ylv2RB2","action":"Commit Request", "result":"", "context":Item count: 1
Contributing types: Sessions}
{"logTime": "1108/080523", "correlationVector":"EHg/OofAYJj7p35Ylv2RB2.1","action":"SyncServerConnectionManagerRequest", "result":"SYNC_SERVER_OK", "context":{"environment":"Prod_SoutheastAsia_000j", "migrationStage":"NotStarted", "server":"GENERAL0100001E"}}
{"logTime": "1108/080523", "correlationVector":"EHg/OofAYJj7p35Ylv2RB2.2","action":"Commit Response", "result":"Success", "context":Result: Success. cV=EHg/OofAYJj7p35Ylv2RB2.0;server=GENERAL0100001E;cloudType=Consumer;environment=Prod_SoutheastAsia_000j;migrationStage=NotStarted}
{"logTime": "1108/080712", "correlationVector":"mMM5w6QEWhUv7p7MTtHTLo","action":"Normal GetUpdate request", "result":"", "context":cV=mMM5w6QEWhUv7p7MTtHTLo
Refresh requested types: Bookmarks, Preferences, Passwords, Autofill Profiles, Autofill, Typed URLs, Extensions, Sessions, Extension settings, History Delete Directives, Device Info, User Consents, Send Tab To Self, Web Apps, Collection, Edge E Drop, Edge Hub App Usage, Edge Tab Group, Edge Wallet, Encryption Keys}
{"logTime": "1108/080713", "correlationVector":"mMM5w6QEWhUv7p7MTtHTLo.1","action":"SyncServerConnectionManagerRequest", "result":"SYNC_SERVER_OK", "context":{"environment":"Prod_SoutheastAsia_000j", "migrationStage":"NotStarted", "server":"GENERAL0300001C"}}
{"logTime": "1108/080713", "correlationVector":"mMM5w6QEWhUv7p7MTtHTLo.2","action":"GetUpdates Response", "result":"Success", "context":Received 2 update(s). cV=mMM5w6QEWhUv7p7MTtHTLo.0;server=GENERAL0300001C;cloudType=Consumer;environment=Prod_SoutheastAsia_000j;migrationStage=NotStarted}
